Tue Feb 23 2021 08:02:11 GMT+0900 (GMT+09:00):GET /_next/webpack-hmr?page=/Everyday
Tue Feb 23 2021 08:02:14 GMT+0900 (GMT+09:00):GET /
Tue Feb 23 2021 08:02:17 GMT+0900 (GMT+09:00):GET /_next/webpack-hmr?page=/Everyday
Tue Feb 23 2021 08:02:19 GMT+0900 (GMT+09:00):GET /about
Tue Feb 23 2021 08:02:23 GMT+0900 (GMT+09:00):GET /_next/webpack-hmr?page=/Everyday
Tue Feb 23 2021 08:02:29 GMT+0900 (GMT+09:00):GET /_next/webpack-hmr?page=/Everyday
Tue Feb 23 2021 08:02:35 GMT+0900 (GMT+09:00):GET /_next/webpack-hmr?page=/Everyday
Tue Feb 23 2021 08:02:43 GMT+0900 (GMT+09:00):GET /_next/webpack-hmr?page=/Everyday
Tue Feb 23 2021 08:02:51 GMT+0900 (GMT+09:00):GET /_next/webpack-hmr?page=/Everyday
Tue Feb 23 2021 08:02:56 GMT+0900 (GMT+09:00):GET /_next/webpack-hmr?page=/Everyday
Tue Feb 23 2021 08:03:02 GMT+0900 (GMT+09:00):GET /_next/webpack-hmr?page=/Everyday
Tue Feb 23 2021 08:03:08 GMT+0900 (GMT+09:00):GET /_next/webpack-hmr?page=/Everyday
Tue Feb 23 2021 08:03:14 GMT+0900 (GMT+09:00):GET /_next/webpack-hmr?page=/Everyday
Tue Feb 23 2021 08:03:20 GMT+0900 (GMT+09:00):GET /_next/webpack-hmr?page=/Everyday
Tue Feb 23 2021 08:03:26 GMT+0900 (GMT+09:00):GET /_next/webpack-hmr?page=/Everyday
Tue Feb 23 2021 08:03:34 GMT+0900 (GMT+09:00):GET /_next/webpack-hmr?page=/Everyday
Tue Feb 23 2021 08:03:39 GMT+0900 (GMT+09:00):GET /_next/webpack-hmr?page=/Everyday
Tue Feb 23 2021 08:03:45 GMT+0900 (GMT+09:00):GET /_next/webpack-hmr?page=/Everyday
Tue Feb 23 2021 08:03:51 GMT+0900 (GMT+09:00):GET /_next/webpack-hmr?page=/Everyday
Tue Feb 23 2021 08:03:57 GMT+0900 (GMT+09:00):GET /_next/webpack-hmr?page=/Everyday
Tue Feb 23 2021 08:04:03 GMT+0900 (GMT+09:00):GET /_next/webpack-hmr?page=/Everyday
Tue Feb 23 2021 08:04:09 GMT+0900 (GMT+09:00):GET /_next/webpack-hmr?page=/Everyday
Tue Feb 23 2021 08:04:17 GMT+0900 (GMT+09:00):GET /_next/webpack-hmr?page=/Everyday
Tue Feb 23 2021 08:04:23 GMT+0900 (GMT+09:00):GET /_next/webpack-hmr?page=/Everyday
Tue Feb 23 2021 08:04:29 GMT+0900 (GMT+09:00):GET /_next/webpack-hmr?page=/Everyday
Tue Feb 23 2021 08:04:35 GMT+0900 (GMT+09:00):GET /_next/webpack-hmr?page=/Everyday
Tue Feb 23 2021 08:04:41 GMT+0900 (GMT+09:00):GET /_next/webpack-hmr?page=/Everyday
Tue Feb 23 2021 08:04:47 GMT+0900 (GMT+09:00):GET /_next/webpack-hmr?page=/Everyday
Tue Feb 23 2021 08:04:55 GMT+0900 (GMT+09:00):GET /_next/webpack-hmr?page=/Everyday
Tue Feb 23 2021 08:05:00 GMT+0900 (GMT+09:00):GET /_next/webpack-hmr?page=/Everyday
Tue Feb 23 2021 08:05:06 GMT+0900 (GMT+09:00):GET /_next/webpack-hmr?page=/Everyday
Tue Feb 23 2021 08:05:12 GMT+0900 (GMT+09:00):GET /_next/webpack-hmr?page=/Everyday
Tue Feb 23 2021 08:05:18 GMT+0900 (GMT+09:00):GET /_next/webpack-hmr?page=/Everyday
Tue Feb 23 2021 08:05:22 GMT+0900 (GMT+09:00):GET /about
Tue Feb 23 2021 08:05:24 GMT+0900 (GMT+09:00):GET /_next/webpack-hmr?page=/Everyday
Tue Feb 23 2021 08:05:30 GMT+0900 (GMT+09:00):GET /_next/webpack-hmr?page=/Everyday
Tue Feb 23 2021 08:05:33 GMT+0900 (GMT+09:00):GET /about
Tue Feb 23 2021 08:05:36 GMT+0900 (GMT+09:00):GET /_next/webpack-hmr?page=/Everyday
Tue Feb 23 2021 08:05:42 GMT+0900 (GMT+09:00):GET /_next/webpack-hmr?page=/Everyday
Tue Feb 23 2021 08:05:51 GMT+0900 (GMT+09:00):GET /_next/webpack-hmr?page=/Everyday
Tue Feb 23 2021 08:05:58 GMT+0900 (GMT+09:00):GET /_next/webpack-hmr?page=/Everyday
Tue Feb 23 2021 08:06:03 GMT+0900 (GMT+09:00):GET /_next/webpack-hmr?page=/Everyday
Tue Feb 23 2021 08:06:11 GMT+0900 (GMT+09:00):GET /_next/webpack-hmr?page=/Everyday
Tue Feb 23 2021 08:06:18 GMT+0900 (GMT+09:00):GET /_next/webpack-hmr?page=/Everyday
Tue Feb 23 2021 08:06:26 GMT+0900 (GMT+09:00):GET /_next/webpack-hmr?page=/Everyday
Tue Feb 23 2021 08:06:34 GMT+0900 (GMT+09:00):GET /_next/webpack-hmr?page=/Everyday
Tue Feb 23 2021 08:06:39 GMT+0900 (GMT+09:00):GET /_next/webpack-hmr?page=/Everyday
Tue Feb 23 2021 08:06:45 GMT+0900 (GMT+09:00):GET /_next/webpack-hmr?page=/Everyday
Tue Feb 23 2021 08:06:51 GMT+0900 (GMT+09:00):GET /_next/webpack-hmr?page=/Everyday
Tue Feb 23 2021 08:06:57 GMT+0900 (GMT+09:00):GET /_next/webpack-hmr?page=/Everyday
Tue Feb 23 2021 08:06:57 GMT+0900 (GMT+09:00):GET /about
Tue Feb 23 2021 08:07:03 GMT+0900 (GMT+09:00):GET /_next/webpack-hmr?page=/Everyday
Tue Feb 23 2021 08:07:10 GMT+0900 (GMT+09:00):GET /_next/webpack-hmr?page=/Everyday
Tue Feb 23 2021 08:07:17 GMT+0900 (GMT+09:00):GET /_next/webpack-hmr?page=/Everyday
Tue Feb 23 2021 08:07:26 GMT+0900 (GMT+09:00):GET /about
Tue Feb 23 2021 08:07:28 GMT+0900 (GMT+09:00):GET /_next/webpack-hmr?page=/Everyday
Tue Feb 23 2021 08:07:35 GMT+0900 (GMT+09:00):GET /_next/webpack-hmr?page=/Everyday
Tue Feb 23 2021 08:07:43 GMT+0900 (GMT+09:00):GET /_next/webpack-hmr?page=/Everyday
Tue Feb 23 2021 08:07:51 GMT+0900 (GMT+09:00):GET /_next/webpack-hmr?page=/Everyday
Tue Feb 23 2021 08:07:59 GMT+0900 (GMT+09:00):GET /_next/webpack-hmr?page=/Everyday
Tue Feb 23 2021 08:08:07 GMT+0900 (GMT+09:00):GET /_next/webpack-hmr?page=/Everyday
Tue Feb 23 2021 08:08:14 GMT+0900 (GMT+09:00):GET /_next/webpack-hmr?page=/Everyday
Tue Feb 23 2021 08:08:20 GMT+0900 (GMT+09:00):GET /_next/webpack-hmr?page=/Everyday
Tue Feb 23 2021 08:08:29 GMT+0900 (GMT+09:00):GET /_next/webpack-hmr?page=/Everyday
Tue Feb 23 2021 08:08:34 GMT+0900 (GMT+09:00):GET /_next/webpack-hmr?page=/Everyday
Tue Feb 23 2021 08:08:43 GMT+0900 (GMT+09:00):GET /_next/webpack-hmr?page=/Everyday
Tue Feb 23 2021 08:08:51 GMT+0900 (GMT+09:00):GET /_next/webpack-hmr?page=/Everyday
Tue Feb 23 2021 08:08:58 GMT+0900 (GMT+09:00):GET /_next/webpack-hmr?page=/Everyday
Tue Feb 23 2021 08:09:03 GMT+0900 (GMT+09:00):GET /_next/webpack-hmr?page=/Everyday
Tue Feb 23 2021 08:09:11 GMT+0900 (GMT+09:00):GET /_next/webpack-hmr?page=/Everyday
Tue Feb 23 2021 08:09:19 GMT+0900 (GMT+09:00):GET /_next/webpack-hmr?page=/Everyday
Tue Feb 23 2021 08:09:27 GMT+0900 (GMT+09:00):GET /_next/webpack-hmr?page=/Everyday
Tue Feb 23 2021 08:09:32 GMT+0900 (GMT+09:00):GET /_next/webpack-hmr?page=/Everyday
Tue Feb 23 2021 08:09:41 GMT+0900 (GMT+09:00):GET /_next/webpack-hmr?page=/Everyday
Tue Feb 23 2021 08:09:50 GMT+0900 (GMT+09:00):GET /_next/webpack-hmr?page=/Everyday
Tue Feb 23 2021 08:09:59 GMT+0900 (GMT+09:00):GET /_next/webpack-hmr?page=/Everyday
Tue Feb 23 2021 08:10:04 GMT+0900 (GMT+09:00):GET /_next/webpack-hmr?page=/Everyday
Tue Feb 23 2021 08:10:11 GMT+0900 (GMT+09:00):GET /_next/webpack-hmr?page=/Everyday
Tue Feb 23 2021 08:10:16 GMT+0900 (GMT+09:00):GET /_next/webpack-hmr?page=/Everyday
Tue Feb 23 2021 08:10:22 GMT+0900 (GMT+09:00):GET /_next/webpack-hmr?page=/Everyday
Tue Feb 23 2021 08:10:30 GMT+0900 (GMT+09:00):GET /_next/webpack-hmr?page=/Everyday
Tue Feb 23 2021 08:10:35 GMT+0900 (GMT+09:00):GET /_next/webpack-hmr?page=/Everyday
Tue Feb 23 2021 08:10:43 GMT+0900 (GMT+09:00):GET /_next/webpack-hmr?page=/Everyday
Tue Feb 23 2021 08:10:49 GMT+0900 (GMT+09:00):GET /_next/webpack-hmr?page=/Everyday
Tue Feb 23 2021 08:10:57 GMT+0900 (GMT+09:00):GET /_next/webpack-hmr?page=/Everyday
Tue Feb 23 2021 08:11:02 GMT+0900 (GMT+09:00):GET /_next/webpack-hmr?page=/Everyday
Tue Feb 23 2021 08:11:08 GMT+0900 (GMT+09:00):GET /_next/webpack-hmr?page=/Everyday
Tue Feb 23 2021 08:11:17 GMT+0900 (GMT+09:00):GET /_next/webpack-hmr?page=/Everyday
Tue Feb 23 2021 08:11:24 GMT+0900 (GMT+09:00):GET /_next/webpack-hmr?page=/Everyday
Tue Feb 23 2021 08:11:31 GMT+0900 (GMT+09:00):GET /_next/webpack-hmr?page=/Everyday
Tue Feb 23 2021 08:11:36 GMT+0900 (GMT+09:00):GET /_next/webpack-hmr?page=/Everyday
Tue Feb 23 2021 08:11:44 GMT+0900 (GMT+09:00):GET /_next/webpack-hmr?page=/Everyday
Tue Feb 23 2021 08:11:49 GMT+0900 (GMT+09:00):GET /_next/webpack-hmr?page=/Everyday
Tue Feb 23 2021 08:11:55 GMT+0900 (GMT+09:00):GET /_next/webpack-hmr?page=/Everyday
Tue Feb 23 2021 08:12:01 GMT+0900 (GMT+09:00):GET /_next/webpack-hmr?page=/Everyday
Tue Feb 23 2021 08:12:08 GMT+0900 (GMT+09:00):GET /_next/webpack-hmr?page=/Everyday
Tue Feb 23 2021 08:12:15 GMT+0900 (GMT+09:00):GET /_next/webpack-hmr?page=/Everyday
Tue Feb 23 2021 08:12:24 GMT+0900 (GMT+09:00):GET /_next/webpack-hmr?page=/Everyday
Tue Feb 23 2021 08:12:32 GMT+0900 (GMT+09:00):GET /_next/webpack-hmr?page=/Everyday
Tue Feb 23 2021 08:12:37 GMT+0900 (GMT+09:00):GET /_next/webpack-hmr?page=/Everyday
Tue Feb 23 2021 08:12:43 GMT+0900 (GMT+09:00):GET /_next/webpack-hmr?page=/Everyday
Tue Feb 23 2021 08:12:49 GMT+0900 (GMT+09:00):GET /_next/webpack-hmr?page=/Everyday
Tue Feb 23 2021 08:12:55 GMT+0900 (GMT+09:00):GET /_next/webpack-hmr?page=/Everyday
Tue Feb 23 2021 08:13:01 GMT+0900 (GMT+09:00):GET /_next/webpack-hmr?page=/Everyday
Tue Feb 23 2021 08:13:07 GMT+0900 (GMT+09:00):GET /_next/webpack-hmr?page=/Everyday
Tue Feb 23 2021 08:13:13 GMT+0900 (GMT+09:00):GET /_next/webpack-hmr?page=/Everyday
Tue Feb 23 2021 08:13:19 GMT+0900 (GMT+09:00):GET /_next/webpack-hmr?page=/Everyday
Tue Feb 23 2021 08:13:28 GMT+0900 (GMT+09:00):GET /_next/webpack-hmr?page=/Everyday
Tue Feb 23 2021 08:13:33 GMT+0900 (GMT+09:00):GET /_next/webpack-hmr?page=/Everyday
Tue Feb 23 2021 08:13:39 GMT+0900 (GMT+09:00):GET /_next/webpack-hmr?page=/Everyday
Tue Feb 23 2021 08:13:45 GMT+0900 (GMT+09:00):GET /_next/webpack-hmr?page=/Everyday
Tue Feb 23 2021 08:13:51 GMT+0900 (GMT+09:00):GET /_next/webpack-hmr?page=/Everyday
Tue Feb 23 2021 08:13:57 GMT+0900 (GMT+09:00):GET /_next/webpack-hmr?page=/Everyday
Tue Feb 23 2021 08:14:03 GMT+0900 (GMT+09:00):GET /_next/webpack-hmr?page=/Everyday
Tue Feb 23 2021 08:14:09 GMT+0900 (GMT+09:00):GET /_next/webpack-hmr?page=/Everyday
Tue Feb 23 2021 08:14:15 GMT+0900 (GMT+09:00):GET /_next/webpack-hmr?page=/Everyday
Tue Feb 23 2021 08:14:21 GMT+0900 (GMT+09:00):GET /_next/webpack-hmr?page=/Everyday
Tue Feb 23 2021 08:14:27 GMT+0900 (GMT+09:00):GET /_next/webpack-hmr?page=/Everyday
Tue Feb 23 2021 08:14:33 GMT+0900 (GMT+09:00):GET /_next/webpack-hmr?page=/Everyday
Tue Feb 23 2021 08:14:39 GMT+0900 (GMT+09:00):GET /_next/webpack-hmr?page=/Everyday
Tue Feb 23 2021 08:14:46 GMT+0900 (GMT+09:00):GET /_next/webpack-hmr?page=/Everyday
Tue Feb 23 2021 08:14:53 GMT+0900 (GMT+09:00):GET /_next/webpack-hmr?page=/Everyday
Tue Feb 23 2021 08:15:01 GMT+0900 (GMT+09:00):GET /_next/webpack-hmr?page=/Everyday
Tue Feb 23 2021 08:15:06 GMT+0900 (GMT+09:00):GET /_next/webpack-hmr?page=/Everyday
Tue Feb 23 2021 08:15:13 GMT+0900 (GMT+09:00):GET /_next/webpack-hmr?page=/Everyday
Tue Feb 23 2021 08:15:21 GMT+0900 (GMT+09:00):GET /_next/webpack-hmr?page=/Everyday
Tue Feb 23 2021 08:15:28 GMT+0900 (GMT+09:00):GET /_next/webpack-hmr?page=/Everyday
Tue Feb 23 2021 08:15:33 GMT+0900 (GMT+09:00):GET /_next/webpack-hmr?page=/Everyday
Tue Feb 23 2021 08:15:39 GMT+0900 (GMT+09:00):GET /_next/webpack-hmr?page=/Everyday
Tue Feb 23 2021 08:15:47 GMT+0900 (GMT+09:00):GET /_next/webpack-hmr?page=/Everyday
Tue Feb 23 2021 08:15:55 GMT+0900 (GMT+09:00):GET /_next/webpack-hmr?page=/Everyday
Tue Feb 23 2021 08:16:02 GMT+0900 (GMT+09:00):GET /_next/webpack-hmr?page=/Everyday
Tue Feb 23 2021 08:16:08 GMT+0900 (GMT+09:00):GET /_next/webpack-hmr?page=/Everyday
Tue Feb 23 2021 08:16:13 GMT+0900 (GMT+09:00):GET /_next/webpack-hmr?page=/Everyday
Tue Feb 23 2021 08:16:19 GMT+0900 (GMT+09:00):GET /_next/webpack-hmr?page=/Everyday
Tue Feb 23 2021 08:16:25 GMT+0900 (GMT+09:00):GET /_next/webpack-hmr?page=/Everyday
Tue Feb 23 2021 08:16:31 GMT+0900 (GMT+09:00):GET /_next/webpack-hmr?page=/Everyday
Tue Feb 23 2021 08:16:34 GMT+0900 (GMT+09:00):GET /about2
Tue Feb 23 2021 08:16:37 GMT+0900 (GMT+09:00):GET /_next/webpack-hmr?page=/Everyday
Tue Feb 23 2021 08:16:43 GMT+0900 (GMT+09:00):GET /_next/webpack-hmr?page=/Everyday
Tue Feb 23 2021 08:16:45 GMT+0900 (GMT+09:00):GET /about2
Tue Feb 23 2021 08:16:49 GMT+0900 (GMT+09:00):GET /_next/webpack-hmr?page=/Everyday
Tue Feb 23 2021 08:16:55 GMT+0900 (GMT+09:00):GET /_next/webpack-hmr?page=/Everyday
Tue Feb 23 2021 08:25:47 GMT+0900 (GMT+09:00):GET /_next/webpack-hmr?page=/Everyday
Tue Feb 23 2021 08:25:50 GMT+0900 (GMT+09:00):GET /
Tue Feb 23 2021 08:25:53 GMT+0900 (GMT+09:00):GET /_next/webpack-hmr?page=/Everyday
Tue Feb 23 2021 08:26:01 GMT+0900 (GMT+09:00):GET /_next/webpack-hmr?page=/Everyday
Tue Feb 23 2021 08:26:06 GMT+0900 (GMT+09:00):GET /_next/webpack-hmr?page=/Everyday
Tue Feb 23 2021 08:26:15 GMT+0900 (GMT+09:00):GET /_next/webpack-hmr?page=/Everyday
Tue Feb 23 2021 08:26:20 GMT+0900 (GMT+09:00):GET /_next/webpack-hmr?page=/Everyday
Tue Feb 23 2021 08:26:26 GMT+0900 (GMT+09:00):GET /_next/webpack-hmr?page=/Everyday
Tue Feb 23 2021 08:26:35 GMT+0900 (GMT+09:00):GET /_next/webpack-hmr?page=/Everyday
Tue Feb 23 2021 08:26:43 GMT+0900 (GMT+09:00):GET /_next/webpack-hmr?page=/Everyday
Tue Feb 23 2021 08:26:48 GMT+0900 (GMT+09:00):GET /_next/webpack-hmr?page=/Everyday
Tue Feb 23 2021 08:26:57 GMT+0900 (GMT+09:00):GET /_next/webpack-hmr?page=/Everyday
Tue Feb 23 2021 08:27:05 GMT+0900 (GMT+09:00):GET /_next/webpack-hmr?page=/Everyday
Tue Feb 23 2021 08:27:13 GMT+0900 (GMT+09:00):GET /_next/webpack-hmr?page=/Everyday
Tue Feb 23 2021 08:27:18 GMT+0900 (GMT+09:00):GET /_next/webpack-hmr?page=/Everyday
Tue Feb 23 2021 08:27:27 GMT+0900 (GMT+09:00):GET /_next/webpack-hmr?page=/Everyday
Tue Feb 23 2021 08:27:35 GMT+0900 (GMT+09:00):GET /_next/webpack-hmr?page=/Everyday
Tue Feb 23 2021 08:27:40 GMT+0900 (GMT+09:00):GET /_next/webpack-hmr?page=/Everyday
Tue Feb 23 2021 08:27:46 GMT+0900 (GMT+09:00):GET /_next/webpack-hmr?page=/Everyday
Tue Feb 23 2021 08:27:52 GMT+0900 (GMT+09:00):GET /_next/webpack-hmr?page=/Everyday
Tue Feb 23 2021 08:27:58 GMT+0900 (GMT+09:00):GET /_next/webpack-hmr?page=/Everyday
Tue Feb 23 2021 08:28:05 GMT+0900 (GMT+09:00):GET /_next/webpack-hmr?page=/Everyday
Tue Feb 23 2021 08:28:13 GMT+0900 (GMT+09:00):GET /_next/webpack-hmr?page=/Everyday
Tue Feb 23 2021 08:28:21 GMT+0900 (GMT+09:00):GET /_next/webpack-hmr?page=/Everyday
Tue Feb 23 2021 08:28:26 GMT+0900 (GMT+09:00):GET /_next/webpack-hmr?page=/Everyday
Tue Feb 23 2021 08:28:32 GMT+0900 (GMT+09:00):GET /_next/webpack-hmr?page=/Everyday
Tue Feb 23 2021 08:28:38 GMT+0900 (GMT+09:00):GET /_next/webpack-hmr?page=/Everyday
Tue Feb 23 2021 08:28:44 GMT+0900 (GMT+09:00):GET /_next/webpack-hmr?page=/Everyday
Tue Feb 23 2021 08:28:50 GMT+0900 (GMT+09:00):GET /_next/webpack-hmr?page=/Everyday
Tue Feb 23 2021 08:28:59 GMT+0900 (GMT+09:00):GET /_next/webpack-hmr?page=/Everyday
Tue Feb 23 2021 08:29:07 GMT+0900 (GMT+09:00):GET /_next/webpack-hmr?page=/Everyday
Tue Feb 23 2021 08:29:14 GMT+0900 (GMT+09:00):GET /_next/webpack-hmr?page=/Everyday
Tue Feb 23 2021 08:29:19 GMT+0900 (GMT+09:00):GET /_next/webpack-hmr?page=/Everyday
Tue Feb 23 2021 08:29:27 GMT+0900 (GMT+09:00):GET /_next/webpack-hmr?page=/Everyday
Tue Feb 23 2021 08:29:34 GMT+0900 (GMT+09:00):GET /_next/webpack-hmr?page=/Everyday
Tue Feb 23 2021 08:29:41 GMT+0900 (GMT+09:00):GET /_next/webpack-hmr?page=/Everyday
Tue Feb 23 2021 08:29:49 GMT+0900 (GMT+09:00):GET /_next/webpack-hmr?page=/Everyday
Tue Feb 23 2021 08:29:54 GMT+0900 (GMT+09:00):GET /_next/webpack-hmr?page=/Everyday
Tue Feb 23 2021 08:30:01 GMT+0900 (GMT+09:00):GET /_next/webpack-hmr?page=/Everyday
Tue Feb 23 2021 08:30:06 GMT+0900 (GMT+09:00):GET /_next/webpack-hmr?page=/Everyday
Tue Feb 23 2021 08:30:14 GMT+0900 (GMT+09:00):GET /_next/webpack-hmr?page=/Everyday
Tue Feb 23 2021 08:30:20 GMT+0900 (GMT+09:00):GET /_next/webpack-hmr?page=/Everyday
Tue Feb 23 2021 08:30:25 GMT+0900 (GMT+09:00):GET /_next/webpack-hmr?page=/Everyday
Tue Feb 23 2021 08:30:34 GMT+0900 (GMT+09:00):GET /_next/webpack-hmr?page=/Everyday
Tue Feb 23 2021 08:30:39 GMT+0900 (GMT+09:00):GET /_next/webpack-hmr?page=/Everyday
Tue Feb 23 2021 08:30:45 GMT+0900 (GMT+09:00):GET /_next/webpack-hmr?page=/Everyday
Tue Feb 23 2021 08:30:54 GMT+0900 (GMT+09:00):GET /_next/webpack-hmr?page=/Everyday
Tue Feb 23 2021 08:31:02 GMT+0900 (GMT+09:00):GET /_next/webpack-hmr?page=/Everyday
Tue Feb 23 2021 08:31:09 GMT+0900 (GMT+09:00):GET /_next/webpack-hmr?page=/Everyday
Tue Feb 23 2021 08:31:17 GMT+0900 (GMT+09:00):GET /_next/webpack-hmr?page=/Everyday
Tue Feb 23 2021 08:31:24 GMT+0900 (GMT+09:00):GET /_next/webpack-hmr?page=/Everyday
Tue Feb 23 2021 08:31:31 GMT+0900 (GMT+09:00):GET /_next/webpack-hmr?page=/Everyday
Tue Feb 23 2021 08:31:36 GMT+0900 (GMT+09:00):GET /_next/webpack-hmr?page=/Everyday
Tue Feb 23 2021 08:31:45 GMT+0900 (GMT+09:00):GET /_next/webpack-hmr?page=/Everyday
Tue Feb 23 2021 08:31:50 GMT+0900 (GMT+09:00):GET /_next/webpack-hmr?page=/Everyday
Tue Feb 23 2021 08:31:59 GMT+0900 (GMT+09:00):GET /_next/webpack-hmr?page=/Everyday
Tue Feb 23 2021 08:32:07 GMT+0900 (GMT+09:00):GET /_next/webpack-hmr?page=/Everyday
Tue Feb 23 2021 08:32:15 GMT+0900 (GMT+09:00):GET /_next/webpack-hmr?page=/Everyday
Tue Feb 23 2021 08:32:20 GMT+0900 (GMT+09:00):GET /_next/webpack-hmr?page=/Everyday
Tue Feb 23 2021 08:32:29 GMT+0900 (GMT+09:00):GET /_next/webpack-hmr?page=/Everyday
Tue Feb 23 2021 08:32:37 GMT+0900 (GMT+09:00):GET /_next/webpack-hmr?page=/Everyday
Tue Feb 23 2021 08:32:45 GMT+0900 (GMT+09:00):GET /_next/webpack-hmr?page=/Everyday
Tue Feb 23 2021 08:32:52 GMT+0900 (GMT+09:00):GET /_next/webpack-hmr?page=/Everyday
Tue Feb 23 2021 08:32:59 GMT+0900 (GMT+09:00):GET /_next/webpack-hmr?page=/Everyday
Tue Feb 23 2021 08:33:07 GMT+0900 (GMT+09:00):GET /_next/webpack-hmr?page=/Everyday
Tue Feb 23 2021 08:33:14 GMT+0900 (GMT+09:00):GET /_next/webpack-hmr?page=/Everyday
Tue Feb 23 2021 08:33:19 GMT+0900 (GMT+09:00):GET /_next/webpack-hmr?page=/Everyday
Tue Feb 23 2021 08:33:27 GMT+0900 (GMT+09:00):GET /_next/webpack-hmr?page=/Everyday
Tue Feb 23 2021 08:33:34 GMT+0900 (GMT+09:00):GET /_next/webpack-hmr?page=/Everyday
Tue Feb 23 2021 08:33:42 GMT+0900 (GMT+09:00):GET /_next/webpack-hmr?page=/Everyday
Tue Feb 23 2021 08:33:47 GMT+0900 (GMT+09:00):GET /_next/webpack-hmr?page=/Everyday
Tue Feb 23 2021 08:33:53 GMT+0900 (GMT+09:00):GET /_next/webpack-hmr?page=/Everyday
Tue Feb 23 2021 08:34:00 GMT+0900 (GMT+09:00):GET /_next/webpack-hmr?page=/Everyday
Tue Feb 23 2021 08:34:05 GMT+0900 (GMT+09:00):GET /_next/webpack-hmr?page=/Everyday
Tue Feb 23 2021 08:34:13 GMT+0900 (GMT+09:00):GET /_next/webpack-hmr?page=/Everyday
Tue Feb 23 2021 08:34:21 GMT+0900 (GMT+09:00):GET /_next/webpack-hmr?page=/Everyday
Tue Feb 23 2021 08:34:26 GMT+0900 (GMT+09:00):GET /_next/webpack-hmr?page=/Everyday
Tue Feb 23 2021 08:34:34 GMT+0900 (GMT+09:00):GET /_next/webpack-hmr?page=/Everyday
Tue Feb 23 2021 08:34:42 GMT+0900 (GMT+09:00):GET /_next/webpack-hmr?page=/Everyday
Tue Feb 23 2021 08:34:47 GMT+0900 (GMT+09:00):GET /_next/webpack-hmr?page=/Everyday
Tue Feb 23 2021 08:34:54 GMT+0900 (GMT+09:00):GET /_next/webpack-hmr?page=/Everyday
Tue Feb 23 2021 08:35:02 GMT+0900 (GMT+09:00):GET /_next/webpack-hmr?page=/Everyday
Tue Feb 23 2021 08:35:07 GMT+0900 (GMT+09:00):GET /_next/webpack-hmr?page=/Everyday
Tue Feb 23 2021 08:35:15 GMT+0900 (GMT+09:00):GET /_next/webpack-hmr?page=/Everyday
Tue Feb 23 2021 08:35:22 GMT+0900 (GMT+09:00):GET /_next/webpack-hmr?page=/Everyday
Tue Feb 23 2021 08:35:30 GMT+0900 (GMT+09:00):GET /_next/webpack-hmr?page=/Everyday
Tue Feb 23 2021 08:35:35 GMT+0900 (GMT+09:00):GET /_next/webpack-hmr?page=/Everyday
Tue Feb 23 2021 08:35:44 GMT+0900 (GMT+09:00):GET /_next/webpack-hmr?page=/Everyday
Tue Feb 23 2021 08:35:52 GMT+0900 (GMT+09:00):GET /_next/webpack-hmr?page=/Everyday
Tue Feb 23 2021 08:35:57 GMT+0900 (GMT+09:00):GET /_next/webpack-hmr?page=/Everyday
Tue Feb 23 2021 08:36:04 GMT+0900 (GMT+09:00):GET /_next/webpack-hmr?page=/Everyday
Tue Feb 23 2021 08:36:12 GMT+0900 (GMT+09:00):GET /_next/webpack-hmr?page=/Everyday
Tue Feb 23 2021 08:36:20 GMT+0900 (GMT+09:00):GET /_next/webpack-hmr?page=/Everyday
Tue Feb 23 2021 08:36:26 GMT+0900 (GMT+09:00):GET /_next/webpack-hmr?page=/Everyday
Tue Feb 23 2021 08:36:34 GMT+0900 (GMT+09:00):GET /_next/webpack-hmr?page=/Everyday
Tue Feb 23 2021 08:36:42 GMT+0900 (GMT+09:00):GET /_next/webpack-hmr?page=/Everyday
Tue Feb 23 2021 08:36:50 GMT+0900 (GMT+09:00):GET /_next/webpack-hmr?page=/Everyday
Tue Feb 23 2021 08:36:56 GMT+0900 (GMT+09:00):GET /_next/webpack-hmr?page=/Everyday
Tue Feb 23 2021 08:37:04 GMT+0900 (GMT+09:00):GET /_next/webpack-hmr?page=/Everyday
Tue Feb 23 2021 08:37:12 GMT+0900 (GMT+09:00):GET /_next/webpack-hmr?page=/Everyday
Tue Feb 23 2021 08:37:20 GMT+0900 (GMT+09:00):GET /_next/webpack-hmr?page=/Everyday
Tue Feb 23 2021 08:37:27 GMT+0900 (GMT+09:00):GET /_next/webpack-hmr?page=/Everyday
Tue Feb 23 2021 08:37:35 GMT+0900 (GMT+09:00):GET /_next/webpack-hmr?page=/Everyday
Tue Feb 23 2021 08:37:42 GMT+0900 (GMT+09:00):GET /_next/webpack-hmr?page=/Everyday
Tue Feb 23 2021 08:37:48 GMT+0900 (GMT+09:00):GET /_next/webpack-hmr?page=/Everyday
Tue Feb 23 2021 08:37:53 GMT+0900 (GMT+09:00):GET /_next/webpack-hmr?page=/Everyday
Tue Feb 23 2021 08:38:02 GMT+0900 (GMT+09:00):GET /_next/webpack-hmr?page=/Everyday
Tue Feb 23 2021 08:38:07 GMT+0900 (GMT+09:00):GET /_next/webpack-hmr?page=/Everyday
Tue Feb 23 2021 08:38:13 GMT+0900 (GMT+09:00):GET /_next/webpack-hmr?page=/Everyday
Tue Feb 23 2021 08:38:19 GMT+0900 (GMT+09:00):GET /_next/webpack-hmr?page=/Everyday
Tue Feb 23 2021 08:38:28 GMT+0900 (GMT+09:00):GET /_next/webpack-hmr?page=/Everyday
Tue Feb 23 2021 08:38:33 GMT+0900 (GMT+09:00):GET /_next/webpack-hmr?page=/Everyday
Tue Feb 23 2021 08:43:24 GMT+0900 (GMT+09:00):GET /_next/webpack-hmr?page=/Everyday
Tue Feb 23 2021 08:43:29 GMT+0900 (GMT+09:00):GET /_next/webpack-hmr?page=/Everyday
Tue Feb 23 2021 08:43:35 GMT+0900 (GMT+09:00):GET /_next/webpack-hmr?page=/Everyday
Tue Feb 23 2021 08:43:41 GMT+0900 (GMT+09:00):GET /_next/webpack-hmr?page=/Everyday
Tue Feb 23 2021 08:43:47 GMT+0900 (GMT+09:00):GET /_next/webpack-hmr?page=/Everyday
Tue Feb 23 2021 08:43:53 GMT+0900 (GMT+09:00):GET /_next/webpack-hmr?page=/Everyday
Tue Feb 23 2021 08:43:59 GMT+0900 (GMT+09:00):GET /_next/webpack-hmr?page=/Everyday
Tue Feb 23 2021 08:44:05 GMT+0900 (GMT+09:00):GET /_next/webpack-hmr?page=/Everyday
Tue Feb 23 2021 08:44:11 GMT+0900 (GMT+09:00):GET /_next/webpack-hmr?page=/Everyday
Tue Feb 23 2021 08:44:19 GMT+0900 (GMT+09:00):GET /_next/webpack-hmr?page=/Everyday
Tue Feb 23 2021 08:44:27 GMT+0900 (GMT+09:00):GET /_next/webpack-hmr?page=/Everyday
Tue Feb 23 2021 08:44:32 GMT+0900 (GMT+09:00):GET /_next/webpack-hmr?page=/Everyday
Tue Feb 23 2021 08:44:39 GMT+0900 (GMT+09:00):GET /_next/webpack-hmr?page=/Everyday
Tue Feb 23 2021 08:44:46 GMT+0900 (GMT+09:00):GET /_next/webpack-hmr?page=/Everyday
Tue Feb 23 2021 08:44:54 GMT+0900 (GMT+09:00):GET /_next/webpack-hmr?page=/Everyday
Tue Feb 23 2021 08:44:59 GMT+0900 (GMT+09:00):GET /_next/webpack-hmr?page=/Everyday
Tue Feb 23 2021 08:45:08 GMT+0900 (GMT+09:00):GET /_next/webpack-hmr?page=/Everyday
Tue Feb 23 2021 08:45:15 GMT+0900 (GMT+09:00):GET /_next/webpack-hmr?page=/Everyday
Tue Feb 23 2021 08:45:22 GMT+0900 (GMT+09:00):GET /_next/webpack-hmr?page=/Everyday
Tue Feb 23 2021 08:53:02 GMT+0900 (GMT+09:00):GET /_next/webpack-hmr?page=/Everyday
Tue Feb 23 2021 08:53:11 GMT+0900 (GMT+09:00):GET /_next/webpack-hmr?page=/Everyday
Tue Feb 23 2021 08:53:17 GMT+0900 (GMT+09:00):GET /_next/webpack-hmr?page=/Everyday
Tue Feb 23 2021 08:53:23 GMT+0900 (GMT+09:00):GET /_next/webpack-hmr?page=/Everyday
Tue Feb 23 2021 09:07:18 GMT+0900 (GMT+09:00):GET /_next/webpack-hmr?page=/Everyday
Tue Feb 23 2021 09:07:23 GMT+0900 (GMT+09:00):GET /_next/webpack-hmr?page=/Everyday
Tue Feb 23 2021 09:07:29 GMT+0900 (GMT+09:00):GET /_next/webpack-hmr?page=/Everyday
Tue Feb 23 2021 09:07:35 GMT+0900 (GMT+09:00):GET /_next/webpack-hmr?page=/Everyday
Tue Feb 23 2021 09:07:41 GMT+0900 (GMT+09:00):GET /_next/webpack-hmr?page=/Everyday
Tue Feb 23 2021 09:07:47 GMT+0900 (GMT+09:00):GET /_next/webpack-hmr?page=/Everyday
Tue Feb 23 2021 09:07:53 GMT+0900 (GMT+09:00):GET /_next/webpack-hmr?page=/Everyday
Tue Feb 23 2021 09:07:59 GMT+0900 (GMT+09:00):GET /_next/webpack-hmr?page=/Everyday
Tue Feb 23 2021 09:08:05 GMT+0900 (GMT+09:00):GET /_next/webpack-hmr?page=/Everyday
Tue Feb 23 2021 09:08:12 GMT+0900 (GMT+09:00):GET /_next/webpack-hmr?page=/Everyday
Tue Feb 23 2021 09:08:21 GMT+0900 (GMT+09:00):GET /_next/webpack-hmr?page=/Everyday
Tue Feb 23 2021 09:08:28 GMT+0900 (GMT+09:00):GET /_next/webpack-hmr?page=/Everyday
Tue Feb 23 2021 09:08:33 GMT+0900 (GMT+09:00):GET /_next/webpack-hmr?page=/Everyday
Tue Feb 23 2021 09:08:42 GMT+0900 (GMT+09:00):GET /_next/webpack-hmr?page=/Everyday
Tue Feb 23 2021 09:08:49 GMT+0900 (GMT+09:00):GET /_next/webpack-hmr?page=/Everyday
Tue Feb 23 2021 09:08:54 GMT+0900 (GMT+09:00):GET /_next/webpack-hmr?page=/Everyday
Tue Feb 23 2021 09:09:02 GMT+0900 (GMT+09:00):GET /_next/webpack-hmr?page=/Everyday
Tue Feb 23 2021 09:09:10 GMT+0900 (GMT+09:00):GET /_next/webpack-hmr?page=/Everyday
Tue Feb 23 2021 09:09:15 GMT+0900 (GMT+09:00):GET /_next/webpack-hmr?page=/Everyday
Tue Feb 23 2021 09:09:24 GMT+0900 (GMT+09:00):GET /_next/webpack-hmr?page=/Everyday
Tue Feb 23 2021 09:09:31 GMT+0900 (GMT+09:00):GET /_next/webpack-hmr?page=/Everyday
Tue Feb 23 2021 09:09:38 GMT+0900 (GMT+09:00):GET /_next/webpack-hmr?page=/Everyday
Tue Feb 23 2021 09:09:43 GMT+0900 (GMT+09:00):GET /_next/webpack-hmr?page=/Everyday
Tue Feb 23 2021 09:09:51 GMT+0900 (GMT+09:00):GET /_next/webpack-hmr?page=/Everyday
Tue Feb 23 2021 09:09:57 GMT+0900 (GMT+09:00):GET /_next/webpack-hmr?page=/Everyday
Tue Feb 23 2021 09:10:06 GMT+0900 (GMT+09:00):GET /_next/webpack-hmr?page=/Everyday
Tue Feb 23 2021 09:10:13 GMT+0900 (GMT+09:00):GET /_next/webpack-hmr?page=/Everyday
Tue Feb 23 2021 09:10:18 GMT+0900 (GMT+09:00):GET /_next/webpack-hmr?page=/Everyday
Tue Feb 23 2021 09:10:26 GMT+0900 (GMT+09:00):GET /_next/webpack-hmr?page=/Everyday
Tue Feb 23 2021 09:10:33 GMT+0900 (GMT+09:00):GET /_next/webpack-hmr?page=/Everyday
Tue Feb 23 2021 09:10:41 GMT+0900 (GMT+09:00):GET /_next/webpack-hmr?page=/Everyday
Tue Feb 23 2021 09:10:46 GMT+0900 (GMT+09:00):GET /_next/webpack-hmr?page=/Everyday
Tue Feb 23 2021 09:10:54 GMT+0900 (GMT+09:00):GET /_next/webpack-hmr?page=/Everyday
Tue Feb 23 2021 09:11:02 GMT+0900 (GMT+09:00):GET /_next/webpack-hmr?page=/Everyday
Tue Feb 23 2021 09:11:10 GMT+0900 (GMT+09:00):GET /_next/webpack-hmr?page=/Everyday
Tue Feb 23 2021 09:11:15 GMT+0900 (GMT+09:00):GET /_next/webpack-hmr?page=/Everyday
Tue Feb 23 2021 09:11:21 GMT+0900 (GMT+09:00):GET /_next/webpack-hmr?page=/Everyday
Tue Feb 23 2021 09:11:27 GMT+0900 (GMT+09:00):GET /_next/webpack-hmr?page=/Everyday
Tue Feb 23 2021 09:11:33 GMT+0900 (GMT+09:00):GET /_next/webpack-hmr?page=/Everyday
Tue Feb 23 2021 09:11:41 GMT+0900 (GMT+09:00):GET /_next/webpack-hmr?page=/Everyday
Tue Feb 23 2021 09:11:47 GMT+0900 (GMT+09:00):GET /_next/webpack-hmr?page=/Everyday
Tue Feb 23 2021 09:11:53 GMT+0900 (GMT+09:00):GET /_next/webpack-hmr?page=/Everyday
Tue Feb 23 2021 09:11:59 GMT+0900 (GMT+09:00):GET /_next/webpack-hmr?page=/Everyday
Tue Feb 23 2021 09:12:05 GMT+0900 (GMT+09:00):GET /_next/webpack-hmr?page=/Everyday
Tue Feb 23 2021 09:14:42 GMT+0900 (GMT+09:00):GET /_next/webpack-hmr?page=/Everyday
Tue Feb 23 2021 09:14:47 GMT+0900 (GMT+09:00):GET /_next/webpack-hmr?page=/Everyday
Tue Feb 23 2021 09:14:54 GMT+0900 (GMT+09:00):GET /_next/webpack-hmr?page=/Everyday
Tue Feb 23 2021 09:15:28 GMT+0900 (GMT+09:00):GET /_next/webpack-hmr?page=/Everyday
Tue Feb 23 2021 09:15:33 GMT+0900 (GMT+09:00):GET /_next/webpack-hmr?page=/Everyday
Tue Feb 23 2021 09:15:39 GMT+0900 (GMT+09:00):GET /_next/webpack-hmr?page=/Everyday
Tue Feb 23 2021 09:15:45 GMT+0900 (GMT+09:00):GET /_next/webpack-hmr?page=/Everyday
Tue Feb 23 2021 09:15:51 GMT+0900 (GMT+09:00):GET /_next/webpack-hmr?page=/Everyday
Tue Feb 23 2021 09:15:57 GMT+0900 (GMT+09:00):GET /_next/webpack-hmr?page=/Everyday
Tue Feb 23 2021 09:16:03 GMT+0900 (GMT+09:00):GET /_next/webpack-hmr?page=/Everyday
Tue Feb 23 2021 09:16:09 GMT+0900 (GMT+09:00):GET /_next/webpack-hmr?page=/Everyday
Tue Feb 23 2021 09:16:16 GMT+0900 (GMT+09:00):GET /_next/webpack-hmr?page=/Everyday
Tue Feb 23 2021 09:16:23 GMT+0900 (GMT+09:00):GET /_next/webpack-hmr?page=/Everyday
Tue Feb 23 2021 09:16:28 GMT+0900 (GMT+09:00):GET /_next/webpack-hmr?page=/Everyday
Tue Feb 23 2021 09:16:36 GMT+0900 (GMT+09:00):GET /_next/webpack-hmr?page=/Everyday
Tue Feb 23 2021 09:16:42 GMT+0900 (GMT+09:00):GET /_next/webpack-hmr?page=/Everyday
Tue Feb 23 2021 09:16:50 GMT+0900 (GMT+09:00):GET /_next/webpack-hmr?page=/Everyday
Tue Feb 23 2021 09:16:55 GMT+0900 (GMT+09:00):GET /_next/webpack-hmr?page=/Everyday
Tue Feb 23 2021 09:17:02 GMT+0900 (GMT+09:00):GET /_next/webpack-hmr?page=/Everyday
Tue Feb 23 2021 09:17:08 GMT+0900 (GMT+09:00):GET /_next/webpack-hmr?page=/Everyday
Tue Feb 23 2021 09:17:14 GMT+0900 (GMT+09:00):GET /_next/webpack-hmr?page=/Everyday
Tue Feb 23 2021 09:17:22 GMT+0900 (GMT+09:00):GET /_next/webpack-hmr?page=/Everyday
Tue Feb 23 2021 09:17:30 GMT+0900 (GMT+09:00):GET /_next/webpack-hmr?page=/Everyday
Tue Feb 23 2021 09:17:36 GMT+0900 (GMT+09:00):GET /_next/webpack-hmr?page=/Everyday
Tue Feb 23 2021 09:17:41 GMT+0900 (GMT+09:00):GET /_next/webpack-hmr?page=/Everyday
Tue Feb 23 2021 09:17:47 GMT+0900 (GMT+09:00):GET /_next/webpack-hmr?page=/Everyday
Tue Feb 23 2021 09:17:53 GMT+0900 (GMT+09:00):GET /_next/webpack-hmr?page=/Everyday
Tue Feb 23 2021 09:17:59 GMT+0900 (GMT+09:00):GET /_next/webpack-hmr?page=/Everyday
Tue Feb 23 2021 09:18:07 GMT+0900 (GMT+09:00):GET /_next/webpack-hmr?page=/Everyday
Tue Feb 23 2021 09:18:13 GMT+0900 (GMT+09:00):GET /_next/webpack-hmr?page=/Everyday
Tue Feb 23 2021 09:18:19 GMT+0900 (GMT+09:00):GET /_next/webpack-hmr?page=/Everyday
Tue Feb 23 2021 09:18:25 GMT+0900 (GMT+09:00):GET /_next/webpack-hmr?page=/Everyday
Tue Feb 23 2021 09:18:31 GMT+0900 (GMT+09:00):GET /_next/webpack-hmr?page=/Everyday
Tue Feb 23 2021 09:18:40 GMT+0900 (GMT+09:00):GET /_next/webpack-hmr?page=/Everyday
Tue Feb 23 2021 09:18:48 GMT+0900 (GMT+09:00):GET /_next/webpack-hmr?page=/Everyday
Tue Feb 23 2021 09:18:53 GMT+0900 (GMT+09:00):GET /_next/webpack-hmr?page=/Everyday
Tue Feb 23 2021 09:19:02 GMT+0900 (GMT+09:00):GET /_next/webpack-hmr?page=/Everyday
Tue Feb 23 2021 09:19:07 GMT+0900 (GMT+09:00):GET /_next/webpack-hmr?page=/Everyday
Tue Feb 23 2021 09:19:16 GMT+0900 (GMT+09:00):GET /_next/webpack-hmr?page=/Everyday
Tue Feb 23 2021 09:19:25 GMT+0900 (GMT+09:00):GET /_next/webpack-hmr?page=/Everyday
Tue Feb 23 2021 09:19:31 GMT+0900 (GMT+09:00):GET /_next/webpack-hmr?page=/Everyday
Tue Feb 23 2021 09:19:38 GMT+0900 (GMT+09:00):GET /_next/webpack-hmr?page=/Everyday
Tue Feb 23 2021 09:19:45 GMT+0900 (GMT+09:00):GET /_next/webpack-hmr?page=/Everyday
Tue Feb 23 2021 09:19:50 GMT+0900 (GMT+09:00):GET /_next/webpack-hmr?page=/Everyday
Tue Feb 23 2021 09:19:56 GMT+0900 (GMT+09:00):GET /_next/webpack-hmr?page=/Everyday
Tue Feb 23 2021 09:20:02 GMT+0900 (GMT+09:00):GET /_next/webpack-hmr?page=/Everyday
Tue Feb 23 2021 09:20:08 GMT+0900 (GMT+09:00):GET /_next/webpack-hmr?page=/Everyday
Tue Feb 23 2021 09:20:14 GMT+0900 (GMT+09:00):GET /_next/webpack-hmr?page=/Everyday
Tue Feb 23 2021 09:20:20 GMT+0900 (GMT+09:00):GET /_next/webpack-hmr?page=/Everyday
Tue Feb 23 2021 09:20:26 GMT+0900 (GMT+09:00):GET /_next/webpack-hmr?page=/Everyday
Tue Feb 23 2021 09:20:32 GMT+0900 (GMT+09:00):GET /_next/webpack-hmr?page=/Everyday
Tue Feb 23 2021 09:20:40 GMT+0900 (GMT+09:00):GET /_next/webpack-hmr?page=/Everyday
Tue Feb 23 2021 09:20:48 GMT+0900 (GMT+09:00):GET /_next/webpack-hmr?page=/Everyday
Tue Feb 23 2021 09:20:56 GMT+0900 (GMT+09:00):GET /_next/webpack-hmr?page=/Everyday
Tue Feb 23 2021 09:21:02 GMT+0900 (GMT+09:00):GET /_next/webpack-hmr?page=/Everyday
Tue Feb 23 2021 09:21:11 GMT+0900 (GMT+09:00):GET /_next/webpack-hmr?page=/Everyday
Tue Feb 23 2021 09:21:16 GMT+0900 (GMT+09:00):GET /_next/webpack-hmr?page=/Everyday
Tue Feb 23 2021 09:21:25 GMT+0900 (GMT+09:00):GET /_next/webpack-hmr?page=/Everyday
Tue Feb 23 2021 09:21:32 GMT+0900 (GMT+09:00):GET /_next/webpack-hmr?page=/Everyday
Tue Feb 23 2021 09:21:37 GMT+0900 (GMT+09:00):GET /_next/webpack-hmr?page=/Everyday
Tue Feb 23 2021 09:21:43 GMT+0900 (GMT+09:00):GET /_next/webpack-hmr?page=/Everyday
Tue Feb 23 2021 09:21:51 GMT+0900 (GMT+09:00):GET /_next/webpack-hmr?page=/Everyday
Tue Feb 23 2021 09:21:59 GMT+0900 (GMT+09:00):GET /_next/webpack-hmr?page=/Everyday
Tue Feb 23 2021 09:22:04 GMT+0900 (GMT+09:00):GET /_next/webpack-hmr?page=/Everyday
Tue Feb 23 2021 09:22:13 GMT+0900 (GMT+09:00):GET /_next/webpack-hmr?page=/Everyday
Tue Feb 23 2021 09:22:21 GMT+0900 (GMT+09:00):GET /_next/webpack-hmr?page=/Everyday
Tue Feb 23 2021 09:22:29 GMT+0900 (GMT+09:00):GET /_next/webpack-hmr?page=/Everyday
Tue Feb 23 2021 09:22:34 GMT+0900 (GMT+09:00):GET /_next/webpack-hmr?page=/Everyday
Tue Feb 23 2021 09:22:42 GMT+0900 (GMT+09:00):GET /_next/webpack-hmr?page=/Everyday
Tue Feb 23 2021 09:22:47 GMT+0900 (GMT+09:00):GET /_next/webpack-hmr?page=/Everyday
Tue Feb 23 2021 09:22:53 GMT+0900 (GMT+09:00):GET /_next/webpack-hmr?page=/Everyday
Tue Feb 23 2021 09:23:01 GMT+0900 (GMT+09:00):GET /_next/webpack-hmr?page=/Everyday
Tue Feb 23 2021 09:23:06 GMT+0900 (GMT+09:00):GET /_next/webpack-hmr?page=/Everyday
Tue Feb 23 2021 09:23:12 GMT+0900 (GMT+09:00):GET /_next/webpack-hmr?page=/Everyday
Tue Feb 23 2021 09:23:21 GMT+0900 (GMT+09:00):GET /_next/webpack-hmr?page=/Everyday
Tue Feb 23 2021 09:23:26 GMT+0900 (GMT+09:00):GET /_next/webpack-hmr?page=/Everyday
Tue Feb 23 2021 09:23:26 GMT+0900 (GMT+09:00):GET /_next/webpack-hmr?page=/Everyday
Tue Feb 23 2021 09:23:26 GMT+0900 (GMT+09:00):GET /__nextjs_original-stack-frame?isServerSide=true&file=file%3A%2F%2F%2FUsers%2Fhonmasenjou%2Flife-nadge%2Fnode_modules%2Fnode-fetch%2Flib%2Findex.js&methodName=ClientRequest.%3Canonymous%3E&arguments=&lineNumber=1461&column=11
